{"/home/hashem/myworkspace/projects/TTT/Task-manager/Task-Manager/src/server/server.js": {"path":"/home/hashem/myworkspace/projects/TTT/Task-manager/Task-Manager/src/server/server.js","statementMap":{"0":{"start":{"line":2,"column":0},"end":{"line":6,"column":3}},"1":{"start":{"line":3,"column":2},"end":{"line":3,"column":60}},"2":{"start":{"line":4,"column":2},"end":{"line":4,"column":50}},"3":{"start":{"line":5,"column":2},"end":{"line":5,"column":18}},"4":{"start":{"line":18,"column":12},"end":{"line":18,"column":21}},"5":{"start":{"line":21,"column":20},"end":{"line":24,"column":2}},"6":{"start":{"line":26,"column":0},"end":{"line":33,"column":5}},"7":{"start":{"line":29,"column":4},"end":{"line":29,"column":38}},"8":{"start":{"line":32,"column":4},"end":{"line":32,"column":46}},"9":{"start":{"line":35,"column":21},"end":{"line":39,"column":1}},"10":{"start":{"line":40,"column":0},"end":{"line":42,"column":1}},"11":{"start":{"line":41,"column":2},"end":{"line":41,"column":29}},"12":{"start":{"line":45,"column":0},"end":{"line":45,"column":24}},"13":{"start":{"line":46,"column":0},"end":{"line":54,"column":2}},"14":{"start":{"line":55,"column":0},"end":{"line":57,"column":1}},"15":{"start":{"line":56,"column":2},"end":{"line":56,"column":25}},"16":{"start":{"line":60,"column":0},"end":{"line":60,"column":28}},"17":{"start":{"line":61,"column":0},"end":{"line":63,"column":3}},"18":{"start":{"line":62,"column":2},"end":{"line":62,"column":74}},"19":{"start":{"line":66,"column":0},"end":{"line":66,"column":28}},"20":{"start":{"line":69,"column":13},"end":{"line":69,"column":32}},"21":{"start":{"line":70,"column":15},"end":{"line":72,"column":2}},"22":{"start":{"line":71,"column":2},"end":{"line":71,"column":50}},"23":{"start":{"line":75,"column":0},"end":{"line":81,"column":3}},"24":{"start":{"line":76,"column":2},"end":{"line":76,"column":60}},"25":{"start":{"line":77,"column":2},"end":{"line":77,"column":51}},"26":{"start":{"line":78,"column":2},"end":{"line":80,"column":5}},"27":{"start":{"line":79,"column":4},"end":{"line":79,"column":20}}},"fnMap":{"0":{"name":"(anonymous_0)","decl":{"start":{"line":2,"column":32},"end":{"line":2,"column":33}},"loc":{"start":{"line":2,"column":41},"end":{"line":6,"column":1}},"line":2},"1":{"name":"(anonymous_1)","decl":{"start":{"line":28,"column":8},"end":{"line":28,"column":9}},"loc":{"start":{"line":28,"column":14},"end":{"line":30,"column":3}},"line":28},"2":{"name":"(anonymous_2)","decl":{"start":{"line":31,"column":9},"end":{"line":31,"column":10}},"loc":{"start":{"line":31,"column":15},"end":{"line":33,"column":3}},"line":31},"3":{"name":"(anonymous_3)","decl":{"start":{"line":61,"column":13},"end":{"line":61,"column":14}},"loc":{"start":{"line":61,"column":33},"end":{"line":63,"column":1}},"line":61},"4":{"name":"(anonymous_4)","decl":{"start":{"line":70,"column":32},"end":{"line":70,"column":33}},"loc":{"start":{"line":70,"column":38},"end":{"line":72,"column":1}},"line":70},"5":{"name":"(anonymous_5)","decl":{"start":{"line":75,"column":33},"end":{"line":75,"column":34}},"loc":{"start":{"line":75,"column":42},"end":{"line":81,"column":1}},"line":75},"6":{"name":"(anonymous_6)","decl":{"start":{"line":78,"column":15},"end":{"line":78,"column":16}},"loc":{"start":{"line":78,"column":21},"end":{"line":80,"column":3}},"line":78}},"branchMap":{"0":{"loc":{"start":{"line":40,"column":0},"end":{"line":42,"column":1}},"type":"if","locations":[{"start":{"line":40,"column":0},"end":{"line":42,"column":1}},{"start":{},"end":{}}],"line":40},"1":{"loc":{"start":{"line":55,"column":0},"end":{"line":57,"column":1}},"type":"if","locations":[{"start":{"line":55,"column":0},"end":{"line":57,"column":1}},{"start":{},"end":{}}],"line":55},"2":{"loc":{"start":{"line":55,"column":4},"end":{"line":55,"column":52}},"type":"binary-expr","locations":[{"start":{"line":55,"column":4},"end":{"line":55,"column":28}},{"start":{"line":55,"column":32},"end":{"line":55,"column":52}}],"line":55},"3":{"loc":{"start":{"line":69,"column":13},"end":{"line":69,"column":32}},"type":"binary-expr","locations":[{"start":{"line":69,"column":13},"end":{"line":69,"column":24}},{"start":{"line":69,"column":28},"end":{"line":69,"column":32}}],"line":69}},"s":{"0":1,"1":0,"2":0,"3":0,"4":1,"5":1,"6":1,"7":1,"8":0,"9":1,"10":1,"11":0,"12":1,"13":1,"14":1,"15":0,"16":1,"17":1,"18":0,"19":1,"20":1,"21":1,"22":1,"23":1,"24":0,"25":0,"26":0,"27":0},"f":{"0":0,"1":1,"2":0,"3":0,"4":1,"5":0,"6":0},"b":{"0":[0,1],"1":[0,1],"2":[1,1],"3":[1,0]},"_coverageSchema":"1a1c01bbd47fc00a2c39e90264f33305004495a9","hash":"2f52ceffeda15b2befeb7e6175fa32f2f6e042b7"}
,"/home/hashem/myworkspace/projects/TTT/Task-manager/Task-Manager/src/server/api/api.routes.js": {"path":"/home/hashem/myworkspace/projects/TTT/Task-manager/Task-Manager/src/server/api/api.routes.js","statementMap":{"0":{"start":{"line":5,"column":19},"end":{"line":5,"column":31}},"1":{"start":{"line":7,"column":0},"end":{"line":7,"column":39}},"2":{"start":{"line":8,"column":0},"end":{"line":8,"column":39}}},"fnMap":{},"branchMap":{},"s":{"0":1,"1":1,"2":1},"f":{},"b":{},"_coverageSchema":"1a1c01bbd47fc00a2c39e90264f33305004495a9","hash":"90893997366a434c04ee93e922ee5d18c29b5a54"}
,"/home/hashem/myworkspace/projects/TTT/Task-manager/Task-Manager/src/server/api/database/index.js": {"path":"/home/hashem/myworkspace/projects/TTT/Task-manager/Task-Manager/src/server/api/database/index.js","statementMap":{"0":{"start":{"line":6,"column":2},"end":{"line":8,"column":3}},"1":{"start":{"line":7,"column":4},"end":{"line":7,"column":16}},"2":{"start":{"line":11,"column":2},"end":{"line":15,"column":3}},"3":{"start":{"line":12,"column":4},"end":{"line":12,"column":29}},"4":{"start":{"line":13,"column":9},"end":{"line":15,"column":3}},"5":{"start":{"line":14,"column":4},"end":{"line":14,"column":34}},"6":{"start":{"line":17,"column":21},"end":{"line":23,"column":3}},"7":{"start":{"line":24,"column":2},"end":{"line":24,"column":48}},"8":{"start":{"line":26,"column":2},"end":{"line":28,"column":5}},"9":{"start":{"line":27,"column":4},"end":{"line":27,"column":47}},"10":{"start":{"line":29,"column":2},"end":{"line":31,"column":5}},"11":{"start":{"line":30,"column":4},"end":{"line":30,"column":48}},"12":{"start":{"line":33,"column":2},"end":{"line":33,"column":14}}},"fnMap":{"0":{"name":"(anonymous_0)","decl":{"start":{"line":5,"column":15},"end":{"line":5,"column":16}},"loc":{"start":{"line":5,"column":21},"end":{"line":34,"column":1}},"line":5},"1":{"name":"(anonymous_1)","decl":{"start":{"line":26,"column":24},"end":{"line":26,"column":25}},"loc":{"start":{"line":26,"column":30},"end":{"line":28,"column":3}},"line":26},"2":{"name":"(anonymous_2)","decl":{"start":{"line":29,"column":21},"end":{"line":29,"column":22}},"loc":{"start":{"line":29,"column":27},"end":{"line":31,"column":3}},"line":29}},"branchMap":{"0":{"loc":{"start":{"line":6,"column":2},"end":{"line":8,"column":3}},"type":"if","locations":[{"start":{"line":6,"column":2},"end":{"line":8,"column":3}},{"start":{},"end":{}}],"line":6},"1":{"loc":{"start":{"line":11,"column":2},"end":{"line":15,"column":3}},"type":"if","locations":[{"start":{"line":11,"column":2},"end":{"line":15,"column":3}},{"start":{"line":13,"column":9},"end":{"line":15,"column":3}}],"line":11},"2":{"loc":{"start":{"line":13,"column":9},"end":{"line":15,"column":3}},"type":"if","locations":[{"start":{"line":13,"column":9},"end":{"line":15,"column":3}},{"start":{},"end":{}}],"line":13}},"s":{"0":23,"1":22,"2":1,"3":0,"4":1,"5":1,"6":1,"7":1,"8":1,"9":1,"10":1,"11":23,"12":1},"f":{"0":23,"1":1,"2":23},"b":{"0":[22,1],"1":[0,1],"2":[1,0]},"_coverageSchema":"1a1c01bbd47fc00a2c39e90264f33305004495a9","hash":"d2fdeac134c34cf8ba5a473d1e87544d94a6df02"}
,"/home/hashem/myworkspace/projects/TTT/Task-manager/Task-Manager/src/server/api/resources/task/task.controller.js": {"path":"/home/hashem/myworkspace/projects/TTT/Task-manager/Task-Manager/src/server/api/resources/task/task.controller.js","statementMap":{"0":{"start":{"line":4,"column":22},"end":{"line":13,"column":2}},"1":{"start":{"line":5,"column":15},"end":{"line":5,"column":70}},"2":{"start":{"line":7,"column":2},"end":{"line":12,"column":5}},"3":{"start":{"line":15,"column":22},"end":{"line":24,"column":2}},"4":{"start":{"line":16,"column":16},"end":{"line":16,"column":61}},"5":{"start":{"line":18,"column":2},"end":{"line":23,"column":5}},"6":{"start":{"line":26,"column":25},"end":{"line":33,"column":2}},"7":{"start":{"line":27,"column":28},"end":{"line":27,"column":76}},"8":{"start":{"line":29,"column":2},"end":{"line":32,"column":5}},"9":{"start":{"line":35,"column":22},"end":{"line":42,"column":2}},"10":{"start":{"line":36,"column":23},"end":{"line":36,"column":78}},"11":{"start":{"line":38,"column":2},"end":{"line":41,"column":5}},"12":{"start":{"line":44,"column":26},"end":{"line":55,"column":2}},"13":{"start":{"line":45,"column":23},"end":{"line":48,"column":3}},"14":{"start":{"line":50,"column":2},"end":{"line":54,"column":5}}},"fnMap":{"0":{"name":"(anonymous_0)","decl":{"start":{"line":4,"column":33},"end":{"line":4,"column":34}},"loc":{"start":{"line":4,"column":59},"end":{"line":13,"column":1}},"line":4},"1":{"name":"(anonymous_1)","decl":{"start":{"line":15,"column":33},"end":{"line":15,"column":34}},"loc":{"start":{"line":15,"column":59},"end":{"line":24,"column":1}},"line":15},"2":{"name":"(anonymous_2)","decl":{"start":{"line":26,"column":36},"end":{"line":26,"column":37}},"loc":{"start":{"line":26,"column":62},"end":{"line":33,"column":1}},"line":26},"3":{"name":"(anonymous_3)","decl":{"start":{"line":35,"column":33},"end":{"line":35,"column":34}},"loc":{"start":{"line":35,"column":59},"end":{"line":42,"column":1}},"line":35},"4":{"name":"(anonymous_4)","decl":{"start":{"line":44,"column":37},"end":{"line":44,"column":38}},"loc":{"start":{"line":44,"column":63},"end":{"line":55,"column":1}},"line":44}},"branchMap":{},"s":{"0":1,"1":7,"2":7,"3":1,"4":1,"5":1,"6":1,"7":6,"8":6,"9":1,"10":1,"11":1,"12":1,"13":1,"14":1},"f":{"0":7,"1":1,"2":6,"3":1,"4":1},"b":{},"_coverageSchema":"1a1c01bbd47fc00a2c39e90264f33305004495a9","hash":"0012bffc75b17449ce4c345879c4624799a4af90"}
,"/home/hashem/myworkspace/projects/TTT/Task-manager/Task-Manager/src/server/api/resources/task/task.routes.js": {"path":"/home/hashem/myworkspace/projects/TTT/Task-manager/Task-Manager/src/server/api/resources/task/task.routes.js","statementMap":{"0":{"start":{"line":11,"column":15},"end":{"line":11,"column":27}},"1":{"start":{"line":13,"column":0},"end":{"line":13,"column":23}},"2":{"start":{"line":14,"column":0},"end":{"line":14,"column":45}},"3":{"start":{"line":15,"column":0},"end":{"line":15,"column":76}}},"fnMap":{},"branchMap":{},"s":{"0":1,"1":1,"2":1,"3":1},"f":{},"b":{},"_coverageSchema":"1a1c01bbd47fc00a2c39e90264f33305004495a9","hash":"2b7aae9d3e4c5a8773753b79a74ae16dae37f897"}
,"/home/hashem/myworkspace/projects/TTT/Task-manager/Task-Manager/src/server/api/resources/task/task.service.js": {"path":"/home/hashem/myworkspace/projects/TTT/Task-manager/Task-Manager/src/server/api/resources/task/task.service.js","statementMap":{"0":{"start":{"line":4,"column":22},"end":{"line":19,"column":1}},"1":{"start":{"line":5,"column":2},"end":{"line":7,"column":3}},"2":{"start":{"line":6,"column":4},"end":{"line":6,"column":67}},"3":{"start":{"line":9,"column":13},"end":{"line":9,"column":28}},"4":{"start":{"line":10,"column":14},"end":{"line":13,"column":3}},"5":{"start":{"line":14,"column":25},"end":{"line":14,"column":60}},"6":{"start":{"line":15,"column":2},"end":{"line":18,"column":4}},"7":{"start":{"line":21,"column":22},"end":{"line":31,"column":1}},"8":{"start":{"line":22,"column":13},"end":{"line":22,"column":28}},"9":{"start":{"line":23,"column":14},"end":{"line":27,"column":3}},"10":{"start":{"line":28,"column":18},"end":{"line":28,"column":47}},"11":{"start":{"line":30,"column":2},"end":{"line":30,"column":15}},"12":{"start":{"line":33,"column":25},"end":{"line":42,"column":1}},"13":{"start":{"line":34,"column":13},"end":{"line":34,"column":28}},"14":{"start":{"line":35,"column":14},"end":{"line":39,"column":3}},"15":{"start":{"line":40,"column":29},"end":{"line":40,"column":58}},"16":{"start":{"line":41,"column":2},"end":{"line":41,"column":22}},"17":{"start":{"line":48,"column":22},"end":{"line":60,"column":1}},"18":{"start":{"line":49,"column":13},"end":{"line":49,"column":28}},"19":{"start":{"line":50,"column":14},"end":{"line":55,"column":3}},"20":{"start":{"line":57,"column":29},"end":{"line":57,"column":68}},"21":{"start":{"line":59,"column":2},"end":{"line":59,"column":22}},"22":{"start":{"line":62,"column":26},"end":{"line":72,"column":1}},"23":{"start":{"line":63,"column":13},"end":{"line":63,"column":28}},"24":{"start":{"line":64,"column":14},"end":{"line":68,"column":3}},"25":{"start":{"line":69,"column":29},"end":{"line":69,"column":62}},"26":{"start":{"line":71,"column":2},"end":{"line":71,"column":22}}},"fnMap":{"0":{"name":"(anonymous_0)","decl":{"start":{"line":4,"column":22},"end":{"line":4,"column":23}},"loc":{"start":{"line":4,"column":50},"end":{"line":19,"column":1}},"line":4},"1":{"name":"(anonymous_1)","decl":{"start":{"line":21,"column":22},"end":{"line":21,"column":23}},"loc":{"start":{"line":21,"column":40},"end":{"line":31,"column":1}},"line":21},"2":{"name":"(anonymous_2)","decl":{"start":{"line":33,"column":25},"end":{"line":33,"column":26}},"loc":{"start":{"line":33,"column":43},"end":{"line":42,"column":1}},"line":33},"3":{"name":"(anonymous_3)","decl":{"start":{"line":48,"column":22},"end":{"line":48,"column":23}},"loc":{"start":{"line":48,"column":54},"end":{"line":60,"column":1}},"line":48},"4":{"name":"(anonymous_4)","decl":{"start":{"line":62,"column":26},"end":{"line":62,"column":27}},"loc":{"start":{"line":62,"column":52},"end":{"line":72,"column":1}},"line":62}},"branchMap":{"0":{"loc":{"start":{"line":5,"column":2},"end":{"line":7,"column":3}},"type":"if","locations":[{"start":{"line":5,"column":2},"end":{"line":7,"column":3}},{"start":{},"end":{}}],"line":5}},"s":{"0":1,"1":7,"2":0,"3":7,"4":7,"5":7,"6":7,"7":1,"8":1,"9":1,"10":1,"11":1,"12":1,"13":6,"14":6,"15":6,"16":6,"17":1,"18":1,"19":1,"20":1,"21":1,"22":1,"23":1,"24":1,"25":1,"26":1},"f":{"0":7,"1":1,"2":6,"3":1,"4":1},"b":{"0":[0,7]},"_coverageSchema":"1a1c01bbd47fc00a2c39e90264f33305004495a9","hash":"132fbb55a106054d9c5e8e066f3f727a348b0ee2"}
,"/home/hashem/myworkspace/projects/TTT/Task-manager/Task-Manager/src/server/api/resources/user/user.controller.js": {"path":"/home/hashem/myworkspace/projects/TTT/Task-manager/Task-Manager/src/server/api/resources/user/user.controller.js","statementMap":{"0":{"start":{"line":6,"column":27},"end":{"line":15,"column":2}},"1":{"start":{"line":7,"column":16},"end":{"line":7,"column":47}},"2":{"start":{"line":9,"column":2},"end":{"line":14,"column":5}},"3":{"start":{"line":17,"column":25},"end":{"line":25,"column":2}},"4":{"start":{"line":18,"column":13},"end":{"line":18,"column":28}},"5":{"start":{"line":19,"column":14},"end":{"line":19,"column":33}},"6":{"start":{"line":20,"column":2},"end":{"line":20,"column":22}},"7":{"start":{"line":21,"column":2},"end":{"line":24,"column":5}},"8":{"start":{"line":27,"column":22},"end":{"line":36,"column":2}},"9":{"start":{"line":28,"column":15},"end":{"line":28,"column":49}},"10":{"start":{"line":30,"column":2},"end":{"line":35,"column":5}},"11":{"start":{"line":38,"column":21},"end":{"line":48,"column":2}},"12":{"start":{"line":39,"column":15},"end":{"line":39,"column":48}},"13":{"start":{"line":40,"column":2},"end":{"line":40,"column":26}},"14":{"start":{"line":42,"column":2},"end":{"line":47,"column":5}},"15":{"start":{"line":50,"column":22},"end":{"line":57,"column":2}},"16":{"start":{"line":51,"column":2},"end":{"line":51,"column":23}},"17":{"start":{"line":53,"column":2},"end":{"line":56,"column":4}}},"fnMap":{"0":{"name":"(anonymous_0)","decl":{"start":{"line":6,"column":38},"end":{"line":6,"column":39}},"loc":{"start":{"line":6,"column":64},"end":{"line":15,"column":1}},"line":6},"1":{"name":"(anonymous_1)","decl":{"start":{"line":17,"column":36},"end":{"line":17,"column":37}},"loc":{"start":{"line":17,"column":62},"end":{"line":25,"column":1}},"line":17},"2":{"name":"(anonymous_2)","decl":{"start":{"line":27,"column":33},"end":{"line":27,"column":34}},"loc":{"start":{"line":27,"column":59},"end":{"line":36,"column":1}},"line":27},"3":{"name":"(anonymous_3)","decl":{"start":{"line":38,"column":32},"end":{"line":38,"column":33}},"loc":{"start":{"line":38,"column":58},"end":{"line":48,"column":1}},"line":38},"4":{"name":"(anonymous_4)","decl":{"start":{"line":50,"column":33},"end":{"line":50,"column":34}},"loc":{"start":{"line":50,"column":59},"end":{"line":57,"column":1}},"line":50}},"branchMap":{},"s":{"0":1,"1":0,"2":0,"3":1,"4":1,"5":1,"6":1,"7":1,"8":1,"9":1,"10":1,"11":1,"12":5,"13":5,"14":5,"15":1,"16":0,"17":0},"f":{"0":0,"1":1,"2":1,"3":5,"4":0},"b":{},"_coverageSchema":"1a1c01bbd47fc00a2c39e90264f33305004495a9","hash":"00dfae7ceafa23ea2f957fb909dda3ae96bbc3da"}
,"/home/hashem/myworkspace/projects/TTT/Task-manager/Task-Manager/src/server/api/resources/user/user.middleware.js": {"path":"/home/hashem/myworkspace/projects/TTT/Task-manager/Task-Manager/src/server/api/resources/user/user.middleware.js","statementMap":{"0":{"start":{"line":3,"column":26},"end":{"line":10,"column":1}},"1":{"start":{"line":4,"column":2},"end":{"line":8,"column":3}},"2":{"start":{"line":5,"column":4},"end":{"line":7,"column":6}},"3":{"start":{"line":9,"column":2},"end":{"line":9,"column":9}},"4":{"start":{"line":12,"column":26},"end":{"line":19,"column":1}},"5":{"start":{"line":13,"column":2},"end":{"line":18,"column":4}},"6":{"start":{"line":14,"column":4},"end":{"line":16,"column":5}},"7":{"start":{"line":15,"column":6},"end":{"line":15,"column":58}},"8":{"start":{"line":17,"column":4},"end":{"line":17,"column":11}}},"fnMap":{"0":{"name":"(anonymous_0)","decl":{"start":{"line":3,"column":26},"end":{"line":3,"column":27}},"loc":{"start":{"line":3,"column":46},"end":{"line":10,"column":1}},"line":3},"1":{"name":"(anonymous_1)","decl":{"start":{"line":12,"column":26},"end":{"line":12,"column":27}},"loc":{"start":{"line":12,"column":40},"end":{"line":19,"column":1}},"line":12},"2":{"name":"(anonymous_2)","decl":{"start":{"line":13,"column":9},"end":{"line":13,"column":10}},"loc":{"start":{"line":13,"column":29},"end":{"line":18,"column":3}},"line":13}},"branchMap":{"0":{"loc":{"start":{"line":4,"column":2},"end":{"line":8,"column":3}},"type":"if","locations":[{"start":{"line":4,"column":2},"end":{"line":8,"column":3}},{"start":{},"end":{}}],"line":4},"1":{"loc":{"start":{"line":4,"column":6},"end":{"line":4,"column":39}},"type":"binary-expr","locations":[{"start":{"line":4,"column":6},"end":{"line":4,"column":18}},{"start":{"line":4,"column":22},"end":{"line":4,"column":39}}],"line":4},"2":{"loc":{"start":{"line":14,"column":4},"end":{"line":16,"column":5}},"type":"if","locations":[{"start":{"line":14,"column":4},"end":{"line":16,"column":5}},{"start":{},"end":{}}],"line":14}},"s":{"0":1,"1":16,"2":0,"3":16,"4":1,"5":0,"6":0,"7":0,"8":0},"f":{"0":16,"1":0,"2":0},"b":{"0":[0,16],"1":[16,16],"2":[0,0]},"_coverageSchema":"1a1c01bbd47fc00a2c39e90264f33305004495a9","hash":"a7e119bf90c00f0637191333549fb74bd462d32f"}
,"/home/hashem/myworkspace/projects/TTT/Task-manager/Task-Manager/src/server/api/resources/user/user.routes.js": {"path":"/home/hashem/myworkspace/projects/TTT/Task-manager/Task-Manager/src/server/api/resources/user/user.routes.js","statementMap":{"0":{"start":{"line":5,"column":15},"end":{"line":5,"column":27}},"1":{"start":{"line":7,"column":0},"end":{"line":7,"column":35}},"2":{"start":{"line":8,"column":0},"end":{"line":8,"column":45}},"3":{"start":{"line":10,"column":0},"end":{"line":10,"column":37}},"4":{"start":{"line":11,"column":0},"end":{"line":11,"column":35}},"5":{"start":{"line":12,"column":0},"end":{"line":12,"column":36}}},"fnMap":{},"branchMap":{},"s":{"0":1,"1":1,"2":1,"3":1,"4":1,"5":1},"f":{},"b":{},"_coverageSchema":"1a1c01bbd47fc00a2c39e90264f33305004495a9","hash":"71916d924beab5917b7be8269654325d1450e1fa"}
,"/home/hashem/myworkspace/projects/TTT/Task-manager/Task-Manager/src/server/api/resources/user/user.service.js": {"path":"/home/hashem/myworkspace/projects/TTT/Task-manager/Task-Manager/src/server/api/resources/user/user.service.js","statementMap":{"0":{"start":{"line":5,"column":13},"end":{"line":9,"column":1}},"1":{"start":{"line":6,"column":15},"end":{"line":6,"column":37}},"2":{"start":{"line":7,"column":25},"end":{"line":7,"column":63}},"3":{"start":{"line":8,"column":2},"end":{"line":8,"column":24}},"4":{"start":{"line":11,"column":15},"end":{"line":13,"column":1}},"5":{"start":{"line":12,"column":2},"end":{"line":12,"column":61}},"6":{"start":{"line":15,"column":27},"end":{"line":23,"column":1}},"7":{"start":{"line":16,"column":13},"end":{"line":16,"column":28}},"8":{"start":{"line":18,"column":14},"end":{"line":20,"column":1}},"9":{"start":{"line":21,"column":17},"end":{"line":21,"column":36}},"10":{"start":{"line":22,"column":2},"end":{"line":22,"column":14}},"11":{"start":{"line":25,"column":22},"end":{"line":51,"column":1}},"12":{"start":{"line":32,"column":2},"end":{"line":34,"column":3}},"13":{"start":{"line":33,"column":4},"end":{"line":33,"column":63}},"14":{"start":{"line":36,"column":13},"end":{"line":36,"column":28}},"15":{"start":{"line":37,"column":14},"end":{"line":40,"column":3}},"16":{"start":{"line":42,"column":25},"end":{"line":48,"column":4}},"17":{"start":{"line":50,"column":2},"end":{"line":50,"column":67}},"18":{"start":{"line":53,"column":21},"end":{"line":78,"column":1}},"19":{"start":{"line":54,"column":2},"end":{"line":56,"column":3}},"20":{"start":{"line":55,"column":4},"end":{"line":55,"column":65}},"21":{"start":{"line":58,"column":13},"end":{"line":58,"column":28}},"22":{"start":{"line":59,"column":14},"end":{"line":63,"column":3}},"23":{"start":{"line":64,"column":19},"end":{"line":64,"column":47}},"24":{"start":{"line":66,"column":2},"end":{"line":68,"column":3}},"25":{"start":{"line":67,"column":4},"end":{"line":67,"column":59}},"26":{"start":{"line":71,"column":2},"end":{"line":77,"column":4}}},"fnMap":{"0":{"name":"(anonymous_0)","decl":{"start":{"line":5,"column":13},"end":{"line":5,"column":14}},"loc":{"start":{"line":5,"column":38},"end":{"line":9,"column":1}},"line":5},"1":{"name":"(anonymous_1)","decl":{"start":{"line":11,"column":15},"end":{"line":11,"column":16}},"loc":{"start":{"line":11,"column":56},"end":{"line":13,"column":1}},"line":11},"2":{"name":"(anonymous_2)","decl":{"start":{"line":15,"column":27},"end":{"line":15,"column":28}},"loc":{"start":{"line":15,"column":39},"end":{"line":23,"column":1}},"line":15},"3":{"name":"(anonymous_3)","decl":{"start":{"line":25,"column":22},"end":{"line":25,"column":23}},"loc":{"start":{"line":31,"column":6},"end":{"line":51,"column":1}},"line":31},"4":{"name":"(anonymous_4)","decl":{"start":{"line":53,"column":21},"end":{"line":53,"column":22}},"loc":{"start":{"line":53,"column":52},"end":{"line":78,"column":1}},"line":53}},"branchMap":{"0":{"loc":{"start":{"line":32,"column":2},"end":{"line":34,"column":3}},"type":"if","locations":[{"start":{"line":32,"column":2},"end":{"line":34,"column":3}},{"start":{},"end":{}}],"line":32},"1":{"loc":{"start":{"line":32,"column":6},"end":{"line":32,"column":68}},"type":"binary-expr","locations":[{"start":{"line":32,"column":6},"end":{"line":32,"column":12}},{"start":{"line":32,"column":16},"end":{"line":32,"column":26}},{"start":{"line":32,"column":30},"end":{"line":32,"column":41}},{"start":{"line":32,"column":45},"end":{"line":32,"column":55}},{"start":{"line":32,"column":59},"end":{"line":32,"column":68}}],"line":32},"2":{"loc":{"start":{"line":54,"column":2},"end":{"line":56,"column":3}},"type":"if","locations":[{"start":{"line":54,"column":2},"end":{"line":56,"column":3}},{"start":{},"end":{}}],"line":54},"3":{"loc":{"start":{"line":54,"column":6},"end":{"line":54,"column":25}},"type":"binary-expr","locations":[{"start":{"line":54,"column":6},"end":{"line":54,"column":12}},{"start":{"line":54,"column":16},"end":{"line":54,"column":25}}],"line":54},"4":{"loc":{"start":{"line":66,"column":2},"end":{"line":68,"column":3}},"type":"if","locations":[{"start":{"line":66,"column":2},"end":{"line":68,"column":3}},{"start":{},"end":{}}],"line":66},"5":{"loc":{"start":{"line":66,"column":6},"end":{"line":66,"column":55}},"type":"binary-expr","locations":[{"start":{"line":66,"column":6},"end":{"line":66,"column":11}},{"start":{"line":66,"column":15},"end":{"line":66,"column":55}}],"line":66}},"s":{"0":1,"1":1,"2":1,"3":1,"4":1,"5":5,"6":1,"7":0,"8":0,"9":0,"10":0,"11":1,"12":1,"13":0,"14":1,"15":1,"16":1,"17":1,"18":1,"19":5,"20":0,"21":5,"22":5,"23":5,"24":5,"25":0,"26":5},"f":{"0":1,"1":5,"2":0,"3":1,"4":5},"b":{"0":[0,1],"1":[1,1,1,1,1],"2":[0,5],"3":[5,5],"4":[0,5],"5":[5,5]},"_coverageSchema":"1a1c01bbd47fc00a2c39e90264f33305004495a9","hash":"89dcbab05f42a9867870c316b6ad03c429fc86cc"}
,"/home/hashem/myworkspace/projects/TTT/Task-manager/Task-Manager/src/server/config/config.js": {"path":"/home/hashem/myworkspace/projects/TTT/Task-manager/Task-Manager/src/server/config/config.js","statementMap":{"0":{"start":{"line":3,"column":0},"end":{"line":3,"column":16}},"1":{"start":{"line":17,"column":4},"end":{"line":17,"column":15}}},"fnMap":{},"branchMap":{},"s":{"0":1,"1":1},"f":{},"b":{},"_coverageSchema":"1a1c01bbd47fc00a2c39e90264f33305004495a9","hash":"b51ff82b50039f5e7c06528a0ecbd5537a2c8ae0"}
,"/home/hashem/myworkspace/projects/TTT/Task-manager/Task-Manager/src/server/middleware/globalErrorHandler.js": {"path":"/home/hashem/myworkspace/projects/TTT/Task-manager/Task-Manager/src/server/middleware/globalErrorHandler.js","statementMap":{"0":{"start":{"line":4,"column":2},"end":{"line":4,"column":41}},"1":{"start":{"line":5,"column":2},"end":{"line":5,"column":37}},"2":{"start":{"line":7,"column":2},"end":{"line":26,"column":3}},"3":{"start":{"line":8,"column":4},"end":{"line":12,"column":7}},"4":{"start":{"line":13,"column":9},"end":{"line":26,"column":3}},"5":{"start":{"line":14,"column":4},"end":{"line":25,"column":5}},"6":{"start":{"line":15,"column":6},"end":{"line":18,"column":9}},"7":{"start":{"line":20,"column":6},"end":{"line":20,"column":25}},"8":{"start":{"line":21,"column":6},"end":{"line":24,"column":8}}},"fnMap":{"0":{"name":"(anonymous_0)","decl":{"start":{"line":3,"column":15},"end":{"line":3,"column":16}},"loc":{"start":{"line":3,"column":40},"end":{"line":27,"column":1}},"line":3}},"branchMap":{"0":{"loc":{"start":{"line":4,"column":19},"end":{"line":4,"column":40}},"type":"binary-expr","locations":[{"start":{"line":4,"column":19},"end":{"line":4,"column":33}},{"start":{"line":4,"column":37},"end":{"line":4,"column":40}}],"line":4},"1":{"loc":{"start":{"line":5,"column":15},"end":{"line":5,"column":36}},"type":"binary-expr","locations":[{"start":{"line":5,"column":15},"end":{"line":5,"column":25}},{"start":{"line":5,"column":29},"end":{"line":5,"column":36}}],"line":5},"2":{"loc":{"start":{"line":7,"column":2},"end":{"line":26,"column":3}},"type":"if","locations":[{"start":{"line":7,"column":2},"end":{"line":26,"column":3}},{"start":{"line":13,"column":9},"end":{"line":26,"column":3}}],"line":7},"3":{"loc":{"start":{"line":7,"column":6},"end":{"line":7,"column":59}},"type":"binary-expr","locations":[{"start":{"line":7,"column":6},"end":{"line":7,"column":30}},{"start":{"line":7,"column":34},"end":{"line":7,"column":59}}],"line":7},"4":{"loc":{"start":{"line":13,"column":9},"end":{"line":26,"column":3}},"type":"if","locations":[{"start":{"line":13,"column":9},"end":{"line":26,"column":3}},{"start":{},"end":{}}],"line":13},"5":{"loc":{"start":{"line":14,"column":4},"end":{"line":25,"column":5}},"type":"if","locations":[{"start":{"line":14,"column":4},"end":{"line":25,"column":5}},{"start":{"line":19,"column":10},"end":{"line":25,"column":5}}],"line":14}},"s":{"0":0,"1":0,"2":0,"3":0,"4":0,"5":0,"6":0,"7":0,"8":0},"f":{"0":0},"b":{"0":[0,0],"1":[0,0],"2":[0,0],"3":[0,0],"4":[0,0],"5":[0,0]},"_coverageSchema":"1a1c01bbd47fc00a2c39e90264f33305004495a9","hash":"618fc3bf00485b1b9e9c5e55fbd238b58236bbec"}
,"/home/hashem/myworkspace/projects/TTT/Task-manager/Task-Manager/src/server/utils/appError.js": {"path":"/home/hashem/myworkspace/projects/TTT/Task-manager/Task-Manager/src/server/utils/appError.js","statementMap":{"0":{"start":{"line":3,"column":4},"end":{"line":3,"column":19}},"1":{"start":{"line":4,"column":4},"end":{"line":4,"column":33}},"2":{"start":{"line":5,"column":4},"end":{"line":5,"column":68}},"3":{"start":{"line":6,"column":4},"end":{"line":6,"column":29}}},"fnMap":{"0":{"name":"(anonymous_0)","decl":{"start":{"line":2,"column":2},"end":{"line":2,"column":3}},"loc":{"start":{"line":2,"column":35},"end":{"line":7,"column":3}},"line":2}},"branchMap":{"0":{"loc":{"start":{"line":5,"column":18},"end":{"line":5,"column":67}},"type":"cond-expr","locations":[{"start":{"line":5,"column":52},"end":{"line":5,"column":58}},{"start":{"line":5,"column":60},"end":{"line":5,"column":67}}],"line":5}},"s":{"0":0,"1":0,"2":0,"3":0},"f":{"0":0},"b":{"0":[0,0]},"_coverageSchema":"1a1c01bbd47fc00a2c39e90264f33305004495a9","hash":"e20dfe4455f5c0520b18df3637a1edddf409326d"}
,"/home/hashem/myworkspace/projects/TTT/Task-manager/Task-Manager/src/server/utils/catchAsync.js": {"path":"/home/hashem/myworkspace/projects/TTT/Task-manager/Task-Manager/src/server/utils/catchAsync.js","statementMap":{"0":{"start":{"line":2,"column":4},"end":{"line":4,"column":5}},"1":{"start":{"line":3,"column":8},"end":{"line":3,"column":50}},"2":{"start":{"line":3,"column":40},"end":{"line":3,"column":49}}},"fnMap":{"0":{"name":"(anonymous_0)","decl":{"start":{"line":1,"column":15},"end":{"line":1,"column":16}},"loc":{"start":{"line":1,"column":21},"end":{"line":5,"column":1}},"line":1},"1":{"name":"(anonymous_1)","decl":{"start":{"line":2,"column":11},"end":{"line":2,"column":12}},"loc":{"start":{"line":2,"column":31},"end":{"line":4,"column":5}},"line":2},"2":{"name":"(anonymous_2)","decl":{"start":{"line":3,"column":33},"end":{"line":3,"column":34}},"loc":{"start":{"line":3,"column":40},"end":{"line":3,"column":49}},"line":3}},"branchMap":{},"s":{"0":10,"1":23,"2":0},"f":{"0":10,"1":23,"2":0},"b":{},"_coverageSchema":"1a1c01bbd47fc00a2c39e90264f33305004495a9","hash":"9beab757c6dd809c51ddfbda94359ec39f93f2c6"}
}
