TN:
SF:server.js
FN:2,(anonymous_0)
FN:28,(anonymous_1)
FN:31,(anonymous_2)
FN:61,(anonymous_3)
FN:70,(anonymous_4)
FN:75,(anonymous_5)
FN:78,(anonymous_6)
FNF:7
FNH:2
FNDA:0,(anonymous_0)
FNDA:2,(anonymous_1)
FNDA:0,(anonymous_2)
FNDA:0,(anonymous_3)
FNDA:2,(anonymous_4)
FNDA:0,(anonymous_5)
FNDA:0,(anonymous_6)
DA:2,2
DA:3,0
DA:4,0
DA:5,0
DA:18,2
DA:21,2
DA:26,2
DA:29,2
DA:32,0
DA:35,2
DA:40,2
DA:41,0
DA:45,2
DA:46,2
DA:55,2
DA:56,0
DA:60,2
DA:61,2
DA:62,0
DA:66,2
DA:69,2
DA:70,2
DA:71,2
DA:75,2
DA:76,0
DA:77,0
DA:78,0
DA:79,0
LF:28
LH:17
BRDA:40,0,0,0
BRDA:40,0,1,2
BRDA:55,1,0,0
BRDA:55,1,1,2
BRDA:55,2,0,2
BRDA:55,2,1,2
BRDA:69,3,0,2
BRDA:69,3,1,0
BRF:8
BRH:5
end_of_record
TN:
SF:api/api.routes.js
FNF:0
FNH:0
DA:5,2
DA:7,2
DA:8,2
LF:3
LH:3
BRF:0
BRH:0
end_of_record
TN:
SF:api/database/index.js
FN:5,(anonymous_0)
FN:26,(anonymous_1)
FN:29,(anonymous_2)
FNF:3
FNH:3
FNDA:23,(anonymous_0)
FNDA:1,(anonymous_1)
FNDA:23,(anonymous_2)
DA:6,23
DA:7,22
DA:11,1
DA:12,0
DA:13,1
DA:14,1
DA:17,1
DA:24,1
DA:26,1
DA:27,1
DA:29,1
DA:30,23
DA:33,1
LF:13
LH:12
BRDA:6,0,0,22
BRDA:6,0,1,1
BRDA:11,1,0,0
BRDA:11,1,1,1
BRDA:13,2,0,1
BRDA:13,2,1,0
BRF:6
BRH:4
end_of_record
TN:
SF:api/resources/task/task.controller.js
FN:4,(anonymous_0)
FN:15,(anonymous_1)
FN:26,(anonymous_2)
FN:35,(anonymous_3)
FN:44,(anonymous_4)
FNF:5
FNH:5
FNDA:7,(anonymous_0)
FNDA:1,(anonymous_1)
FNDA:6,(anonymous_2)
FNDA:1,(anonymous_3)
FNDA:1,(anonymous_4)
DA:4,2
DA:5,7
DA:7,7
DA:15,2
DA:16,1
DA:18,1
DA:26,2
DA:27,6
DA:29,6
DA:35,2
DA:36,1
DA:38,1
DA:44,2
DA:45,1
DA:50,1
LF:15
LH:15
BRF:0
BRH:0
end_of_record
TN:
SF:api/resources/task/task.routes.js
FNF:0
FNH:0
DA:11,2
DA:13,2
DA:14,2
DA:15,2
LF:4
LH:4
BRF:0
BRH:0
end_of_record
TN:
SF:api/resources/task/task.service.js
FN:4,(anonymous_0)
FN:21,(anonymous_1)
FN:33,(anonymous_2)
FN:48,(anonymous_3)
FN:62,(anonymous_4)
FNF:5
FNH:5
FNDA:7,(anonymous_0)
FNDA:1,(anonymous_1)
FNDA:6,(anonymous_2)
FNDA:1,(anonymous_3)
FNDA:1,(anonymous_4)
DA:4,2
DA:5,7
DA:6,0
DA:9,7
DA:10,7
DA:14,7
DA:15,7
DA:21,2
DA:22,1
DA:23,1
DA:28,1
DA:30,1
DA:33,2
DA:34,6
DA:35,6
DA:40,6
DA:41,6
DA:48,2
DA:49,1
DA:50,1
DA:57,1
DA:59,1
DA:62,2
DA:63,1
DA:64,1
DA:69,1
DA:71,1
LF:27
LH:26
BRDA:5,0,0,0
BRDA:5,0,1,7
BRF:2
BRH:1
end_of_record
TN:
SF:api/resources/user/user.controller.js
FN:6,(anonymous_0)
FN:17,(anonymous_1)
FN:27,(anonymous_2)
FN:38,(anonymous_3)
FN:50,(anonymous_4)
FNF:5
FNH:3
FNDA:0,(anonymous_0)
FNDA:1,(anonymous_1)
FNDA:2,(anonymous_2)
FNDA:5,(anonymous_3)
FNDA:0,(anonymous_4)
DA:6,2
DA:7,0
DA:9,0
DA:17,2
DA:18,1
DA:19,1
DA:20,1
DA:21,1
DA:27,2
DA:28,2
DA:30,1
DA:38,2
DA:39,5
DA:40,5
DA:42,5
DA:50,2
DA:51,0
DA:53,0
LF:18
LH:14
BRF:0
BRH:0
end_of_record
TN:
SF:api/resources/user/user.middleware.js
FN:3,(anonymous_0)
FN:12,(anonymous_1)
FN:13,(anonymous_2)
FNF:3
FNH:1
FNDA:16,(anonymous_0)
FNDA:0,(anonymous_1)
FNDA:0,(anonymous_2)
DA:3,2
DA:4,16
DA:5,0
DA:9,16
DA:12,2
DA:13,0
DA:14,0
DA:15,0
DA:17,0
LF:9
LH:4
BRDA:4,0,0,0
BRDA:4,0,1,16
BRDA:4,1,0,16
BRDA:4,1,1,16
BRDA:14,2,0,0
BRDA:14,2,1,0
BRF:6
BRH:3
end_of_record
TN:
SF:api/resources/user/user.routes.js
FNF:0
FNH:0
DA:5,2
DA:7,2
DA:8,2
DA:10,2
DA:11,2
DA:12,2
LF:6
LH:6
BRF:0
BRH:0
end_of_record
TN:
SF:api/resources/user/user.service.js
FN:5,(anonymous_0)
FN:11,(anonymous_1)
FN:15,(anonymous_2)
FN:25,(anonymous_3)
FN:53,(anonymous_4)
FNF:5
FNH:4
FNDA:1,(anonymous_0)
FNDA:5,(anonymous_1)
FNDA:0,(anonymous_2)
FNDA:2,(anonymous_3)
FNDA:5,(anonymous_4)
DA:5,2
DA:6,1
DA:7,1
DA:8,1
DA:11,2
DA:12,5
DA:15,2
DA:16,0
DA:18,0
DA:21,0
DA:22,0
DA:25,2
DA:32,2
DA:33,1
DA:36,1
DA:37,1
DA:42,1
DA:50,1
DA:53,2
DA:54,5
DA:55,0
DA:58,5
DA:59,5
DA:64,5
DA:66,5
DA:67,0
DA:71,5
LF:27
LH:21
BRDA:32,0,0,1
BRDA:32,0,1,1
BRDA:32,1,0,2
BRDA:32,1,1,1
BRDA:32,1,2,1
BRDA:32,1,3,1
BRDA:32,1,4,1
BRDA:54,2,0,0
BRDA:54,2,1,5
BRDA:54,3,0,5
BRDA:54,3,1,5
BRDA:66,4,0,0
BRDA:66,4,1,5
BRDA:66,5,0,5
BRDA:66,5,1,5
BRF:15
BRH:13
end_of_record
TN:
SF:config/config.js
FNF:0
FNH:0
DA:3,2
DA:17,2
LF:2
LH:2
BRF:0
BRH:0
end_of_record
TN:
SF:middleware/globalErrorHandler.js
FN:3,(anonymous_0)
FNF:1
FNH:1
FNDA:1,(anonymous_0)
DA:4,1
DA:5,1
DA:7,1
DA:8,1
DA:13,0
DA:14,0
DA:15,0
DA:20,0
DA:21,0
LF:9
LH:4
BRDA:4,0,0,1
BRDA:4,0,1,0
BRDA:5,1,0,1
BRDA:5,1,1,0
BRDA:7,2,0,1
BRDA:7,2,1,0
BRDA:7,3,0,1
BRDA:7,3,1,1
BRDA:13,4,0,0
BRDA:13,4,1,0
BRDA:14,5,0,0
BRDA:14,5,1,0
BRF:12
BRH:5
end_of_record
TN:
SF:utils/appError.js
FN:2,(anonymous_0)
FNF:1
FNH:1
FNDA:1,(anonymous_0)
DA:3,1
DA:4,1
DA:5,1
DA:6,1
LF:4
LH:4
BRDA:5,0,0,1
BRDA:5,0,1,0
BRF:2
BRH:1
end_of_record
TN:
SF:utils/catchAsync.js
FN:1,(anonymous_0)
FN:2,(anonymous_1)
FN:3,(anonymous_2)
FNF:3
FNH:3
FNDA:20,(anonymous_0)
FNDA:24,(anonymous_1)
FNDA:1,(anonymous_2)
DA:2,20
DA:3,24
LF:2
LH:2
BRF:0
BRH:0
end_of_record
