TN:
SF:app.js
FN:21,(anonymous_0)
FN:24,(anonymous_1)
FN:54,(anonymous_2)
FNF:3
FNH:1
FNDA:2,(anonymous_0)
FNDA:0,(anonymous_1)
FNDA:0,(anonymous_2)
DA:11,2
DA:14,2
DA:19,2
DA:22,2
DA:25,0
DA:28,2
DA:33,2
DA:34,0
DA:38,2
DA:39,2
DA:48,2
DA:49,0
DA:53,2
DA:54,2
DA:55,0
DA:59,2
LF:16
LH:12
BRDA:33,0,0,0
BRDA:33,0,1,2
BRDA:48,1,0,0
BRDA:48,1,1,2
BRDA:48,2,0,2
BRDA:48,2,1,2
BRF:6
BRH:4
end_of_record
TN:
SF:api/api.routes.js
FNF:0
FNH:0
DA:5,2
DA:7,2
DA:8,2
LF:3
LH:3
BRF:0
BRH:0
end_of_record
TN:
SF:api/database/index.js
FN:5,(anonymous_0)
FN:26,(anonymous_1)
FN:29,(anonymous_2)
FNF:3
FNH:3
FNDA:39,(anonymous_0)
FNDA:2,(anonymous_1)
FNDA:39,(anonymous_2)
DA:6,39
DA:7,37
DA:11,2
DA:12,0
DA:13,2
DA:14,2
DA:17,2
DA:24,2
DA:26,2
DA:27,2
DA:29,2
DA:30,39
DA:33,2
LF:13
LH:12
BRDA:6,0,0,37
BRDA:6,0,1,2
BRDA:11,1,0,0
BRDA:11,1,1,2
BRDA:13,2,0,2
BRDA:13,2,1,0
BRF:6
BRH:4
end_of_record
TN:
SF:api/resources/task/task.controller.js
FN:4,(anonymous_0)
FN:15,(anonymous_1)
FN:26,(anonymous_2)
FN:35,(anonymous_3)
FN:44,(anonymous_4)
FNF:5
FNH:5
FNDA:7,(anonymous_0)
FNDA:1,(anonymous_1)
FNDA:6,(anonymous_2)
FNDA:1,(anonymous_3)
FNDA:1,(anonymous_4)
DA:4,2
DA:5,7
DA:7,7
DA:15,2
DA:16,1
DA:18,1
DA:26,2
DA:27,6
DA:29,6
DA:35,2
DA:36,1
DA:38,1
DA:44,2
DA:45,1
DA:50,1
LF:15
LH:15
BRF:0
BRH:0
end_of_record
TN:
SF:api/resources/task/task.routes.js
FNF:0
FNH:0
DA:11,2
DA:13,2
DA:14,2
DA:15,2
LF:4
LH:4
BRF:0
BRH:0
end_of_record
TN:
SF:api/resources/task/task.service.js
FN:4,(anonymous_0)
FN:21,(anonymous_1)
FN:33,(anonymous_2)
FN:48,(anonymous_3)
FN:62,(anonymous_4)
FNF:5
FNH:5
FNDA:7,(anonymous_0)
FNDA:1,(anonymous_1)
FNDA:6,(anonymous_2)
FNDA:1,(anonymous_3)
FNDA:1,(anonymous_4)
DA:4,2
DA:5,7
DA:6,0
DA:9,7
DA:10,7
DA:14,7
DA:15,7
DA:21,2
DA:22,1
DA:23,1
DA:28,1
DA:30,1
DA:33,2
DA:34,6
DA:35,6
DA:40,6
DA:41,6
DA:48,2
DA:49,1
DA:50,1
DA:57,1
DA:59,1
DA:62,2
DA:63,1
DA:64,1
DA:69,1
DA:71,1
LF:27
LH:26
BRDA:5,0,0,0
BRDA:5,0,1,7
BRF:2
BRH:1
end_of_record
TN:
SF:api/resources/user/user.controller.js
FN:6,(anonymous_0)
FN:17,(anonymous_1)
FN:27,(anonymous_2)
FN:38,(anonymous_3)
FN:50,(anonymous_4)
FNF:5
FNH:4
FNDA:0,(anonymous_0)
FNDA:8,(anonymous_1)
FNDA:7,(anonymous_2)
FNDA:10,(anonymous_3)
FNDA:1,(anonymous_4)
DA:6,2
DA:7,0
DA:9,0
DA:17,2
DA:18,8
DA:19,8
DA:20,8
DA:21,8
DA:27,2
DA:28,7
DA:30,6
DA:38,2
DA:39,10
DA:40,7
DA:42,7
DA:50,2
DA:51,1
DA:53,1
LF:18
LH:16
BRF:0
BRH:0
end_of_record
TN:
SF:api/resources/user/user.middleware.js
FN:3,(anonymous_0)
FN:12,(anonymous_1)
FN:13,(anonymous_2)
FNF:3
FNH:1
FNDA:16,(anonymous_0)
FNDA:0,(anonymous_1)
FNDA:0,(anonymous_2)
DA:3,2
DA:4,16
DA:5,0
DA:9,16
DA:12,2
DA:13,0
DA:14,0
DA:15,0
DA:17,0
LF:9
LH:4
BRDA:4,0,0,0
BRDA:4,0,1,16
BRDA:4,1,0,16
BRDA:4,1,1,16
BRDA:14,2,0,0
BRDA:14,2,1,0
BRF:6
BRH:3
end_of_record
TN:
SF:api/resources/user/user.routes.js
FNF:0
FNH:0
DA:5,2
DA:7,2
DA:8,2
DA:10,2
DA:11,2
DA:12,2
LF:6
LH:6
BRF:0
BRH:0
end_of_record
TN:
SF:api/resources/user/user.service.js
FN:5,(anonymous_0)
FN:11,(anonymous_1)
FN:15,(anonymous_2)
FN:25,(anonymous_3)
FN:53,(anonymous_4)
FNF:5
FNH:4
FNDA:6,(anonymous_0)
FNDA:8,(anonymous_1)
FNDA:0,(anonymous_2)
FNDA:7,(anonymous_3)
FNDA:10,(anonymous_4)
DA:5,2
DA:6,6
DA:7,6
DA:8,6
DA:11,2
DA:12,8
DA:15,2
DA:16,0
DA:18,0
DA:21,0
DA:22,0
DA:25,2
DA:32,7
DA:33,1
DA:36,6
DA:37,6
DA:42,6
DA:50,6
DA:53,2
DA:54,10
DA:55,1
DA:58,9
DA:59,9
DA:64,9
DA:66,9
DA:67,2
DA:71,7
LF:27
LH:23
BRDA:32,0,0,1
BRDA:32,0,1,6
BRDA:32,1,0,7
BRDA:32,1,1,6
BRDA:32,1,2,6
BRDA:32,1,3,6
BRDA:32,1,4,6
BRDA:54,2,0,1
BRDA:54,2,1,9
BRDA:54,3,0,10
BRDA:54,3,1,10
BRDA:66,4,0,2
BRDA:66,4,1,7
BRDA:66,5,0,9
BRDA:66,5,1,8
BRF:15
BRH:15
end_of_record
TN:
SF:config/config.js
FNF:0
FNH:0
DA:3,2
DA:17,2
LF:2
LH:2
BRF:0
BRH:0
end_of_record
TN:
SF:middleware/globalErrorHandler.js
FN:3,(anonymous_0)
FNF:1
FNH:1
FNDA:4,(anonymous_0)
DA:4,4
DA:5,4
DA:7,4
DA:8,4
DA:13,0
DA:14,0
DA:15,0
DA:20,0
DA:21,0
LF:9
LH:4
BRDA:4,0,0,4
BRDA:4,0,1,0
BRDA:5,1,0,4
BRDA:5,1,1,0
BRDA:7,2,0,4
BRDA:7,2,1,0
BRDA:7,3,0,4
BRDA:7,3,1,4
BRDA:13,4,0,0
BRDA:13,4,1,0
BRDA:14,5,0,0
BRDA:14,5,1,0
BRF:12
BRH:5
end_of_record
TN:
SF:utils/appError.js
FN:2,(anonymous_0)
FNF:1
FNH:1
FNDA:4,(anonymous_0)
DA:3,4
DA:4,4
DA:5,4
DA:6,4
LF:4
LH:4
BRDA:5,0,0,4
BRDA:5,0,1,0
BRF:2
BRH:1
end_of_record
TN:
SF:utils/catchAsync.js
FN:1,(anonymous_0)
FN:2,(anonymous_1)
FN:3,(anonymous_2)
FNF:3
FNH:3
FNDA:20,(anonymous_0)
FNDA:42,(anonymous_1)
FNDA:4,(anonymous_2)
DA:2,20
DA:3,42
LF:2
LH:2
BRF:0
BRH:0
end_of_record
